<?xml version="1.0" encoding="UTF-8"?>
<testsuites>
  <testsuite name="fastlane.lanes">
    
    
    
      
      <testcase classname="fastlane.lanes" name="0: default_platform" time="0.00019">
        
      </testcase>
    
      
      <testcase classname="fastlane.lanes" name="1: flutter build apk -t lib/main_prod.dart" time="265.618105">
        
          <failure message="/opt/homebrew/Cellar/fastlane/2.195.0/libexec/gems/fastlane-2.195.0/fastlane/lib/fastlane/actions/actions_helper.rb:67:in `execute_action&apos;&#10;/opt/homebrew/Cellar/fastlane/2.195.0/libexec/gems/fastlane-2.195.0/fastlane/lib/fastlane/fast_file.rb:222:in `sh&apos;&#10;/opt/homebrew/Cellar/fastlane/2.195.0/libexec/gems/fastlane-2.195.0/fastlane/lib/fastlane/fast_file.rb:216:in `sh&apos;&#10;Fastfile:22:in `block (2 levels) in parsing_binding&apos;&#10;/opt/homebrew/Cellar/fastlane/2.195.0/libexec/gems/fastlane-2.195.0/fastlane/lib/fastlane/lane.rb:33:in `call&apos;&#10;/opt/homebrew/Cellar/fastlane/2.195.0/libexec/gems/fastlane-2.195.0/fastlane/lib/fastlane/runner.rb:49:in `block in execute&apos;&#10;/opt/homebrew/Cellar/fastlane/2.195.0/libexec/gems/fastlane-2.195.0/fastlane/lib/fastlane/runner.rb:45:in `chdir&apos;&#10;/opt/homebrew/Cellar/fastlane/2.195.0/libexec/gems/fastlane-2.195.0/fastlane/lib/fastlane/runner.rb:45:in `execute&apos;&#10;/opt/homebrew/Cellar/fastlane/2.195.0/libexec/gems/fastlane-2.195.0/fastlane/lib/fastlane/lane_manager.rb:47:in `cruise_lane&apos;&#10;/opt/homebrew/Cellar/fastlane/2.195.0/libexec/gems/fastlane-2.195.0/fastlane/lib/fastlane/command_line_handler.rb:36:in `handle&apos;&#10;/opt/homebrew/Cellar/fastlane/2.195.0/libexec/gems/fastlane-2.195.0/fastlane/lib/fastlane/commands_generator.rb:109:in `block (2 levels) in run&apos;&#10;/opt/homebrew/Cellar/fastlane/2.195.0/libexec/gems/commander-4.6.0/lib/commander/command.rb:187:in `call&apos;&#10;/opt/homebrew/Cellar/fastlane/2.195.0/libexec/gems/commander-4.6.0/lib/commander/command.rb:157:in `run&apos;&#10;/opt/homebrew/Cellar/fastlane/2.195.0/libexec/gems/commander-4.6.0/lib/commander/runner.rb:444:in `run_active_command&apos;&#10;/opt/homebrew/Cellar/fastlane/2.195.0/libexec/gems/fastlane-2.195.0/fastlane_core/lib/fastlane_core/ui/fastlane_runner.rb:117:in `run!&apos;&#10;/opt/homebrew/Cellar/fastlane/2.195.0/libexec/gems/commander-4.6.0/lib/commander/delegates.rb:18:in `run!&apos;&#10;/opt/homebrew/Cellar/fastlane/2.195.0/libexec/gems/fastlane-2.195.0/fastlane/lib/fastlane/commands_generator.rb:353:in `run&apos;&#10;/opt/homebrew/Cellar/fastlane/2.195.0/libexec/gems/fastlane-2.195.0/fastlane/lib/fastlane/commands_generator.rb:42:in `start&apos;&#10;/opt/homebrew/Cellar/fastlane/2.195.0/libexec/gems/fastlane-2.195.0/fastlane/lib/fastlane/cli_tools_distributor.rb:122:in `take_off&apos;&#10;/opt/homebrew/Cellar/fastlane/2.195.0/libexec/gems/fastlane-2.195.0/bin/fastlane:23:in `&lt;top (required)&gt;&apos;&#10;/opt/homebrew/Cellar/fastlane/2.195.0/libexec/bin/fastlane:23:in `load&apos;&#10;/opt/homebrew/Cellar/fastlane/2.195.0/libexec/bin/fastlane:23:in `&lt;main&gt;&apos;&#10;&#10;Exit status of command &apos;flutter build apk -t lib/main_prod.dart&apos; was 1 instead of 0.&#10;Changing current working directory to: /Users/ram/supernova&#10;&#10;ðŸ’ª Building with sound null safety ðŸ’ª&#10;&#10;Running Gradle task &apos;assembleRelease&apos;...                        &#10;&#10;&#10;FAILURE: Build failed with an exception.&#10;&#10;&#10;&#10;* What went wrong:&#10;&#10;A problem occurred configuring root project &apos;android&apos;.&#10;&#10;&gt; Could not resolve all artifacts for configuration &apos;:classpath&apos;.&#10;&#10;   &gt; Could not resolve org.jetbrains.kotlin:kotlin-stdlib-jdk8:1.3.72.&#10;&#10;     Required by:&#10;&#10;         project : &gt; com.android.tools.build:gradle:4.1.3&#10;&#10;         project : &gt; com.android.tools.build:gradle:4.1.3 &gt; com.android.tools.build:builder:4.1.3&#10;&#10;         project : &gt; com.android.tools.build:gradle:4.1.3 &gt; com.android.tools.build:aaptcompiler:4.1.3&#10;&#10;         project : &gt; com.android.tools.build:gradle:4.1.3 &gt; com.android.tools.lint:lint-gradle-api:27.1.3&#10;&#10;         project : &gt; com.android.tools.build:gradle:4.1.3 &gt; com.android.tools.build:gradle-api:4.1.3&#10;&#10;         project : &gt; com.android.tools.build:gradle:4.1.3 &gt; androidx.databinding:databinding-compiler-common:4.1.3&#10;&#10;      &gt; Could not resolve org.jetbrains.kotlin:kotlin-stdlib-jdk8:1.3.72.&#10;&#10;         &gt; Could not get resource &apos;https://dl.google.com/dl/android/maven2/org/jetbrains/kotlin/kotlin-stdlib-jdk8/1.3.72/kotlin-stdlib-jdk8-1.3.72.pom&apos;.&#10;&#10;            &gt; Could not HEAD &apos;https://dl.google.com/dl/android/maven2/org/jetbrains/kotlin/kotlin-stdlib-jdk8/1.3.72/kotlin-stdlib-jdk8-1.3.72.pom&apos;.&#10;&#10;               &gt; Read timed out&#10;&#10;   &gt; Could not resolve com.google.android.gms:strict-version-matcher-plugin:1.2.2.&#10;&#10;     Required by:&#10;&#10;         project : &gt; com.google.gms:google-services:4.3.10&#10;&#10;      &gt; Skipped due to earlier error&#10;&#10;   &gt; Could not resolve com.android.tools.build:builder-model:4.1.3.&#10;&#10;     Required by:&#10;&#10;         project : &gt; com.android.tools.build:gradle:4.1.3 &gt; com.android.tools.build:builder:4.1.3&#10;&#10;      &gt; Skipped due to earlier error&#10;&#10;   &gt; Could not resolve com.android.tools.build:builder-test-api:4.1.3.&#10;&#10;     Required by:&#10;&#10;         project : &gt; com.android.tools.build:gradle:4.1.3 &gt; com.android.tools.build:builder:4.1.3&#10;&#10;         project : &gt; com.android.tools.build:gradle:4.1.3 &gt; com.android.tools.build:gradle-api:4.1.3&#10;&#10;      &gt; Skipped due to earlier error&#10;&#10;   &gt; Could not resolve com.android.tools:sdklib:27.1.3.&#10;&#10;     Required by:&#10;&#10;         project : &gt; com.android.tools.build:gradle:4.1.3 &gt; com.android.tools.build:builder:4.1.3&#10;&#10;         project : &gt; com.android.tools.build:gradle:4.1.3 &gt; com.android.tools.lint:lint-gradle-api:27.1.3&#10;&#10;      &gt; Skipped due to earlier error&#10;&#10;   &gt; Could not resolve com.android.tools:sdk-common:27.1.3.&#10;&#10;     Required by:&#10;&#10;         project : &gt; com.android.tools.build:gradle:4.1.3 &gt; com.android.tools.build:builder:4.1.3&#10;&#10;      &gt; Skipped due to earlier error&#10;&#10;   &gt; Could not resolve com.android.tools:common:27.1.3.&#10;&#10;     Required by:&#10;&#10;         project : &gt; com.android.tools.build:gradle:4.1.3 &gt; com.android.tools.build:builder:4.1.3&#10;&#10;      &gt; Skipped due to earlier error&#10;&#10;   &gt; Could not resolve com.android.tools.build:manifest-merger:27.1.3.&#10;&#10;     Required by:&#10;&#10;         project : &gt; com.android.tools.build:gradle:4.1.3 &gt; com.android.tools.build:builder:4.1.3&#10;&#10;      &gt; Skipped due to earlier error&#10;&#10;   &gt; Could not resolve com.android.tools.ddms:ddmlib:27.1.3.&#10;&#10;     Required by:&#10;&#10;         project : &gt; com.android.tools.build:gradle:4.1.3 &gt; com.android.tools.build:builder:4.1.3&#10;&#10;      &gt; Skipped due to earlier error&#10;&#10;   &gt; Could not resolve com.android:zipflinger:4.1.3.&#10;&#10;     Required by:&#10;&#10;         project : &gt; com.android.tools.build:gradle:4.1.3 &gt; com.android.tools.build:builder:4.1.3&#10;&#10;      &gt; Skipped due to earlier error&#10;&#10;   &gt; Could not resolve com.android:signflinger:4.1.3.&#10;&#10;     Required by:&#10;&#10;         project : &gt; com.android.tools.build:gradle:4.1.3 &gt; com.android.tools.build:builder:4.1.3&#10;&#10;      &gt; Skipped due to earlier error&#10;&#10;   &gt; Could not resolve com.android.tools.analytics-library:protos:27.1.3.&#10;&#10;     Required by:&#10;&#10;         project : &gt; com.android.tools.build:gradle:4.1.3 &gt; com.android.tools.build:builder:4.1.3&#10;&#10;      &gt; Skipped due to earlier error&#10;&#10;   &gt; Could not resolve com.android.tools.analytics-library:tracker:27.1.3.&#10;&#10;     Required by:&#10;&#10;         project : &gt; com.android.tools.build:gradle:4.1.3 &gt; com.android.tools.build:builder:4.1.3&#10;&#10;      &gt; Skipped due to earlier error&#10;&#10;   &gt; Could not resolve com.android.tools.build:apksig:4.1.3.&#10;&#10;     Required by:&#10;&#10;         project : &gt; com.android.tools.build:gradle:4.1.3 &gt; com.android.tools.build:builder:4.1.3&#10;&#10;      &gt; Skipped due to earlier error&#10;&#10;   &gt; Could not resolve com.android.tools.build:apkzlib:4.1.3.&#10;&#10;     Required by:&#10;&#10;         project : &gt; com.android.tools.build:gradle:4.1.3 &gt; com.android.tools.build:builder:4.1.3&#10;&#10;      &gt; Skipped due to earlier error&#10;&#10;   &gt; Could not resolve com.android.tools.layoutlib:layoutlib-api:27.1.3.&#10;&#10;     Required by:&#10;&#10;         project : &gt; com.android.tools.build:gradle:4.1.3 &gt; com.android.tools.build:aaptcompiler:4.1.3&#10;&#10;      &gt; Skipped due to earlier error&#10;&#10;   &gt; Could not resolve com.android.tools:annotations:27.1.3.&#10;&#10;     Required by:&#10;&#10;         project : &gt; com.android.tools.build:gradle:4.1.3 &gt; com.android.tools.analytics-library:crash:27.1.3&#10;&#10;         project : &gt; com.android.tools.build:gradle:4.1.3 &gt; androidx.databinding:databinding-compiler-common:4.1.3&#10;&#10;      &gt; Skipped due to earlier error&#10;&#10;   &gt; Could not resolve com.android.tools.lint:lint-model:27.1.3.&#10;&#10;     Required by:&#10;&#10;         project : &gt; com.android.tools.build:gradle:4.1.3 &gt; com.android.tools.lint:lint-gradle-api:27.1.3&#10;&#10;      &gt; Skipped due to earlier error&#10;&#10;   &gt; Could not resolve androidx.databinding:databinding-common:4.1.3.&#10;&#10;     Required by:&#10;&#10;         project : &gt; com.android.tools.build:gradle:4.1.3 &gt; androidx.databinding:databinding-compiler-common:4.1.3&#10;&#10;      &gt; Skipped due to earlier error&#10;&#10;   &gt; Could not resolve com.android.databinding:baseLibrary:4.1.3.&#10;&#10;     Required by:&#10;&#10;         project : &gt; com.android.tools.build:gradle:4.1.3 &gt; androidx.databinding:databinding-compiler-common:4.1.3&#10;&#10;      &gt; Skipped due to earlier error&#10;&#10;&#10;&#10;* Try:&#10;&#10;Run with --stacktrace option to get the stack trace. Run with --info or --debug option to get more log output. Run with --scan to get full insights.&#10;&#10;&#10;&#10;* Get more help at https://help.gradle.org&#10;&#10;&#10;&#10;BUILD FAILED in 2m 48s&#10;Running Gradle task &apos;assembleRelease&apos;...                          168.8s&#10;The build failed likely due to AndroidX incompatibilities in a plugin. The tool is about to try using Jetifier to solve the incompatibility.&#10;Building plugin agora_rtc_engine...&#10;Running Gradle task &apos;assembleAarRelease&apos;...                        94.7s&#10;&#10;&#10;FAILURE: Build failed with an exception.&#10;&#10;* Where:&#10;Build file &apos;/Users/ram/flutter/.pub-cache/hosted/pub.dartlang.org/agora_rtc_engine-4.0.7/android/build.gradle&apos; line: 29&#10;&#10;* What went wrong:&#10;A problem occurred evaluating root project &apos;agora_rtc_engine&apos;.&#10;&gt; Plugin with id &apos;com.android.library&apos; not found.&#10;&#10;* Try:&#10;Run with --stacktrace option to get the stack trace. Run with --info or --debug option to get more log output. Run with --scan to get full insights.&#10;&#10;* Get more help at https://help.gradle.org&#10;&#10;BUILD FAILED in 1m 33s&#10;&#10;The plugin agora_rtc_engine could not be built due to the issue above.&#10;" />
        
      </testcase>
    
  </testsuite>
</testsuites>
